<?xml version="1.0" encoding="UTF-8"?>
<testng-results skipped="0" failed="0" ignored="0" total="1" passed="1">
  <reporter-output>
  </reporter-output>
  <suite name="Default suite" duration-ms="2043" started-at="2023-10-02T12:24:21 IST" finished-at="2023-10-02T12:24:23 IST">
    <groups>
    </groups>
    <test name="Default test" duration-ms="2043" started-at="2023-10-02T12:24:21 IST" finished-at="2023-10-02T12:24:23 IST">
      <class name="tests.PutPatchDeleteExamples">
        <test-method status="PASS" signature="testDelete()[pri:0, instance:tests.PutPatchDeleteExamples@cd2dae5]" name="testDelete" duration-ms="2015" started-at="2023-10-02T12:24:21 IST" finished-at="2023-10-02T12:24:23 IST">
          <reporter-output>
          </reporter-output>
        </test-method> <!-- testDelete -->
      </class> <!-- tests.PutPatchDeleteExamples -->
    </test> <!-- Default test -->
  </suite> <!-- Default suite -->
</testng-results>
